<?xml version="1.0" encoding="UTF-8"?>
<!-- Generated by org.testng.reporters.JUnitReportReporter -->
<testsuite skipped="0" hostname="DESKTOP-ANJK2SU" name="adactin.TestNgForAdactin" tests="5" failures="0" timestamp="20 Oct 2021 22:19:27 GMT" time="34.114" errors="0">
  <testcase name="loginPage" time="11.113" classname="adactin.TestNgForAdactin"/>
  <testcase name="searchHotel" time="10.632" classname="adactin.TestNgForAdactin"/>
  <testcase name="selectHotel" time="2.257" classname="adactin.TestNgForAdactin"/>
  <testcase name="bookHotel" time="6.774" classname="adactin.TestNgForAdactin"/>
  <testcase name="takesScreenShot" time="3.338" classname="adactin.TestNgForAdactin"/>
</testsuite> <!-- adactin.TestNgForAdactin -->
