<?xml version="1.0" encoding="UTF-8"?>
<!-- Generated by org.testng.reporters.JUnitReportReporter -->
<testsuite skipped="0" hostname="DESKTOP-ANJK2SU" name="OpenOrangeAutomationTestNg.FinalClass" tests="2" failures="0" timestamp="12 Nov 2021 12:08:13 GMT" time="34.736" errors="0">
  <testcase name="login" time="9.257" classname="OpenOrangeAutomationTestNg.FinalClass"/>
  <testcase name="assignLeave" time="25.479" classname="OpenOrangeAutomationTestNg.FinalClass"/>
</testsuite> <!-- OpenOrangeAutomationTestNg.FinalClass -->
