<?xml version="1.0" encoding="UTF-8"?>
<!-- Generated by org.testng.reporters.JUnitReportReporter -->
<testsuite skipped="0" hostname="DESKTOP-ANJK2SU" name="FaceBook.FinalClass" tests="2" failures="0" timestamp="20 Oct 2021 07:57:21 GMT" time="7.353" errors="0">
  <testcase name="login" time="2.398" classname="FaceBook.FinalClass"/>
  <testcase name="createNewAccount" time="4.955" classname="FaceBook.FinalClass"/>
</testsuite> <!-- FaceBook.FinalClass -->
